<?xml version="1.0" encoding="UTF-8"?>
<!-- Generated by org.testng.reporters.JUnitReportReporter -->
<testsuite hostname="DESKTOP-83U9K5D" failures="0" tests="3" name="Test.PIMTest" time="1.862" errors="0" timestamp="2023-02-14T15:24:48 IST" skipped="0">
  <testcase classname="Test.PIMTest" name="verifyPimPageTitle" time="1.719"/>
  <system-out/>
  <testcase classname="Test.PIMTest" name="verifyEmpSearchEmpId" time="0.143"/>
  <system-out/>
  <testcase classname="Test.PIMTest" name="TestIngChanges" time="0.000"/>
  <system-out/>
</testsuite> <!-- Test.PIMTest -->
