<?xml version="1.0" encoding="UTF-8"?>
<!-- Generated by org.testng.reporters.JUnitReportReporter -->
<testsuite hostname="DESKTOP-83U9K5D" failures="0" tests="4" name="Test.LoginTest" time="1.966" errors="0" timestamp="2023-02-14T15:24:48 IST" skipped="0">
  <testcase classname="Test.LoginTest" name="verifyBuildTitleofpage" time="0.038"/>
  <system-out/>
  <testcase classname="Test.LoginTest" name="verifytitleofloginpage" time="0.275"/>
  <system-out/>
  <testcase classname="Test.LoginTest" name="verifyCurrenturlofpage" time="0.009"/>
  <system-out/>
  <testcase classname="Test.LoginTest" name="verifyLoginwithCorrectcredentials" time="1.644"/>
  <system-out/>
</testsuite> <!-- Test.LoginTest -->
