<?xml version="1.0" encoding="UTF-8"?>
<!-- Generated by org.testng.reporters.JUnitReportReporter -->
<testsuite hostname="DESKTOP-83U9K5D" failures="0" tests="3" name="Test.PIMTest" time="2.250" errors="0" timestamp="2023-02-14T14:43:49 IST" skipped="0">
  <testcase classname="Test.PIMTest" name="verifyPimPageTitle" time="2.120"/>
  <system-out/>
  <testcase classname="Test.PIMTest" name="verifyEmpSearchEmpId" time="0.130"/>
  <system-out/>
  <testcase classname="Test.PIMTest" name="TestIngChanges" time="0.000"/>
  <system-out/>
</testsuite> <!-- Test.PIMTest -->
