<?xml version="1.0" encoding="UTF-8"?>
<!-- Generated by org.testng.reporters.JUnitReportReporter -->
<testsuite hostname="DESKTOP-83U9K5D" failures="0" tests="4" name="Test.LoginTest" time="2.115" errors="0" timestamp="2023-02-14T14:43:49 IST" skipped="0">
  <testcase classname="Test.LoginTest" name="verifyBuildTitleofpage" time="0.216"/>
  <system-out/>
  <testcase classname="Test.LoginTest" name="verifytitleofloginpage" time="0.336"/>
  <system-out/>
  <testcase classname="Test.LoginTest" name="verifyCurrenturlofpage" time="0.012"/>
  <system-out/>
  <testcase classname="Test.LoginTest" name="verifyLoginwithCorrectcredentials" time="1.551"/>
  <system-out/>
</testsuite> <!-- Test.LoginTest -->
